2022-08-14 11:01:11 [System Name] error : uncaughtException: listen EADDRINUSE: address already in use :::3000
Error: listen EADDRINUSE: address already in use :::3000
    at Server.setupListenHandle [as _listen2] (net.js:1331:16)
    at listenInCluster (net.js:1379:12)
    at Server.listen (net.js:1465:7)
    at Function.listen (/Users/mihee/Desktop/test/logger/node_modules/express/lib/application.js:635:24)
    at file:///Users/mihee/Desktop/test/logger/index.js:7:7
    at ModuleJob.run (internal/modules/esm/module_job.js:183:25)
    at async Loader.import (internal/modules/esm/loader.js:178:24)
    at async Object.loadESM (internal/process/esm_loader.js:68:5)
    at async handleMainPromise (internal/modules/run_main.js:59:12)
2022-08-14 11:01:29 [System Name] error : uncaughtException: listen EADDRINUSE: address already in use :::3000
Error: listen EADDRINUSE: address already in use :::3000
    at Server.setupListenHandle [as _listen2] (net.js:1331:16)
    at listenInCluster (net.js:1379:12)
    at Server.listen (net.js:1465:7)
    at Function.listen (/Users/mihee/Desktop/test/logger/node_modules/express/lib/application.js:635:24)
    at file:///Users/mihee/Desktop/test/logger/index.js:7:7
    at ModuleJob.run (internal/modules/esm/module_job.js:183:25)
    at async Loader.import (internal/modules/esm/loader.js:178:24)
    at async Object.loadESM (internal/process/esm_loader.js:68:5)
    at async handleMainPromise (internal/modules/run_main.js:59:12)
2022-08-14 11:01:40 [System Name] error : uncaughtException: listen EADDRINUSE: address already in use :::3000
Error: listen EADDRINUSE: address already in use :::3000
    at Server.setupListenHandle [as _listen2] (net.js:1331:16)
    at listenInCluster (net.js:1379:12)
    at Server.listen (net.js:1465:7)
    at Function.listen (/Users/mihee/Desktop/test/logger/node_modules/express/lib/application.js:635:24)
    at file:///Users/mihee/Desktop/test/logger/index.js:7:7
    at ModuleJob.run (internal/modules/esm/module_job.js:183:25)
    at async Loader.import (internal/modules/esm/loader.js:178:24)
    at async Object.loadESM (internal/process/esm_loader.js:68:5)
    at async handleMainPromise (internal/modules/run_main.js:59:12)
2022-08-14 11:01:55 [System Name] error : uncaughtException: listen EADDRINUSE: address already in use :::3000
Error: listen EADDRINUSE: address already in use :::3000
    at Server.setupListenHandle [as _listen2] (net.js:1331:16)
    at listenInCluster (net.js:1379:12)
    at Server.listen (net.js:1465:7)
    at Function.listen (/Users/mihee/Desktop/test/logger/node_modules/express/lib/application.js:635:24)
    at file:///Users/mihee/Desktop/test/logger/index.js:7:7
    at ModuleJob.run (internal/modules/esm/module_job.js:183:25)
    at async Loader.import (internal/modules/esm/loader.js:178:24)
    at async Object.loadESM (internal/process/esm_loader.js:68:5)
    at async handleMainPromise (internal/modules/run_main.js:59:12)
2022-08-14 11:03:13 [System Name] error : uncaughtException: listen EADDRINUSE: address already in use :::3000
Error: listen EADDRINUSE: address already in use :::3000
    at Server.setupListenHandle [as _listen2] (net.js:1331:16)
    at listenInCluster (net.js:1379:12)
    at Server.listen (net.js:1465:7)
    at Function.listen (/Users/mihee/Desktop/test/logger/node_modules/express/lib/application.js:635:24)
    at file:///Users/mihee/Desktop/test/logger/index.js:7:7
    at ModuleJob.run (internal/modules/esm/module_job.js:183:25)
    at async Loader.import (internal/modules/esm/loader.js:178:24)
    at async Object.loadESM (internal/process/esm_loader.js:68:5)
    at async handleMainPromise (internal/modules/run_main.js:59:12)
2022-08-14 11:03:52 [System Name] error : uncaughtException: listen EADDRINUSE: address already in use :::3000
Error: listen EADDRINUSE: address already in use :::3000
    at Server.setupListenHandle [as _listen2] (net.js:1331:16)
    at listenInCluster (net.js:1379:12)
    at Server.listen (net.js:1465:7)
    at Function.listen (/Users/mihee/Desktop/test/logger/node_modules/express/lib/application.js:635:24)
    at file:///Users/mihee/Desktop/test/logger/index.js:7:7
    at ModuleJob.run (internal/modules/esm/module_job.js:183:25)
    at async Loader.import (internal/modules/esm/loader.js:178:24)
    at async Object.loadESM (internal/process/esm_loader.js:68:5)
    at async handleMainPromise (internal/modules/run_main.js:59:12)
2022-08-14 11:04:28 [System Name] error : uncaughtException: listen EADDRINUSE: address already in use :::3000
Error: listen EADDRINUSE: address already in use :::3000
    at Server.setupListenHandle [as _listen2] (net.js:1331:16)
    at listenInCluster (net.js:1379:12)
    at Server.listen (net.js:1465:7)
    at Function.listen (/Users/mihee/Desktop/test/logger/node_modules/express/lib/application.js:635:24)
    at file:///Users/mihee/Desktop/test/logger/index.js:7:7
    at ModuleJob.run (internal/modules/esm/module_job.js:183:25)
    at async Loader.import (internal/modules/esm/loader.js:178:24)
    at async Object.loadESM (internal/process/esm_loader.js:68:5)
    at async handleMainPromise (internal/modules/run_main.js:59:12)
